<?xml version="1.0" encoding="UTF-8"?>
<!-- Generated by org.testng.reporters.JUnitReportReporter -->
<testsuite hostname="DESKTOP-OD5RHOE" failures="0" tests="1" name="com.selenium.day2.DDd" time="4.999" errors="0" timestamp="24 Aug 2023 02:29:16 GMT">
  <testcase classname="com.selenium.day2.DDd" name="testBrowser" time="4.999"/>
</testsuite> <!-- com.selenium.day2.DDd -->
