<?xml version="1.0" encoding="UTF-8"?>
<!-- Generated by org.testng.reporters.JUnitReportReporter -->
<testsuite hostname="DESKTOP-OD5RHOE" failures="0" tests="1" name="com.selenium.day2.DemoNavigationCommands" time="36.991" errors="0" timestamp="26 Aug 2023 02:25:28 GMT">
  <testcase classname="com.selenium.day2.DemoNavigationCommands" name="test" time="36.991"/>
</testsuite> <!-- com.selenium.day2.DemoNavigationCommands -->
