<?xml version="1.0" encoding="UTF-8"?>
<!-- Generated by org.testng.reporters.JUnitReportReporter -->
<testsuite hostname="DESKTOP-OD5RHOE" failures="0" tests="4" name="com.seleniumt.testng.PIMTEST" time="0.015" errors="0" timestamp="3 Sep 2023 02:36:14 GMT">
  <testcase classname="com.seleniumt.testng.PIMTEST" name="testLoginLogout" time="0.002"/>
  <testcase classname="com.seleniumt.testng.PIMTEST" name="testCreatePIM" time="0.004"/>
  <testcase classname="com.seleniumt.testng.PIMTEST" name="testEditPIM" time="0.003"/>
  <testcase classname="com.seleniumt.testng.PIMTEST" name="testDeletePIM" time="0.006"/>
</testsuite> <!-- com.seleniumt.testng.PIMTEST -->
