<?xml version="1.0" encoding="UTF-8"?>
<!-- Generated by org.testng.reporters.JUnitReportReporter -->
<testsuite hostname="DESKTOP-OD5RHOE" failures="0" tests="1" name="com.selenium.day2.DemoLinkText" time="7.185" errors="0" timestamp="25 Aug 2023 02:24:01 GMT">
  <testcase classname="com.selenium.day2.DemoLinkText" name="testLinkText" time="7.185"/>
</testsuite> <!-- com.selenium.day2.DemoLinkText -->
