<?xml version="1.0" encoding="UTF-8"?>
<!-- Generated by org.testng.reporters.JUnitReportReporter -->
<testsuite hostname="DESKTOP-OD5RHOE" failures="0" tests="1" name="com.selenium.day2.DemoTagName" time="15.605" errors="0" timestamp="25 Aug 2023 02:47:01 GMT">
  <testcase classname="com.selenium.day2.DemoTagName" name="testLinkText" time="15.605"/>
</testsuite> <!-- com.selenium.day2.DemoTagName -->
