<?xml version="1.0" encoding="UTF-8"?>
<!-- Generated by org.testng.reporters.JUnitReportReporter -->
<testsuite hostname="DESKTOP-OD5RHOE" failures="0" tests="3" name="com.selenium.day2.TestBrowsers3" time="22.342" errors="0" timestamp="23 Aug 2023 02:30:36 GMT">
  <testcase classname="com.selenium.day2.TestBrowsers3" name="testEdge" time="6.354"/>
  <testcase classname="com.selenium.day2.TestBrowsers3" name="testFirefox" time="11.425"/>
  <testcase classname="com.selenium.day2.TestBrowsers3" name="testChrome" time="4.563"/>
</testsuite> <!-- com.selenium.day2.TestBrowsers3 -->
