<?xml version="1.0" encoding="UTF-8"?>
<!-- Generated by org.testng.reporters.JUnitReportReporter -->
<testsuite hostname="DESKTOP-OD5RHOE" failures="0" tests="4" name="com.seleniumt.testng.Demogroups" time="0.018" errors="0" timestamp="3 Sep 2023 03:33:36 GMT">
  <testcase classname="com.seleniumt.testng.Demogroups" name="login" time="0.002"/>
  <testcase classname="com.seleniumt.testng.Demogroups" name="createuser" time="0.001"/>
  <testcase classname="com.seleniumt.testng.Demogroups" name="d_leave" time="0.002"/>
  <testcase classname="com.seleniumt.testng.Demogroups" name="c_job" time="0.013"/>
</testsuite> <!-- com.seleniumt.testng.Demogroups -->
