<?xml version="1.0" encoding="UTF-8"?>
<!-- Generated by org.testng.reporters.JUnitReportReporter -->
<testsuite hostname="DESKTOP-OD5RHOE" failures="0" tests="1" name="com.selenium.day2.TestBrowsers" time="4.757" errors="0" timestamp="23 Aug 2023 02:33:06 GMT">
  <testcase classname="com.selenium.day2.TestBrowsers" name="testChrome" time="4.757"/>
</testsuite> <!-- com.selenium.day2.TestBrowsers -->
