<?xml version="1.0" encoding="UTF-8"?>
<!-- Generated by org.testng.reporters.JUnitReportReporter -->
<testsuite hostname="DESKTOP-OD5RHOE" failures="0" tests="2" name="com.selenium.dataprovider.DemoDataprovider" time="25.078" errors="0" timestamp="4 Sep 2023 02:18:10 GMT">
  <testcase classname="com.selenium.dataprovider.DemoDataprovider" name="testLogin" time="11.450"/>
  <testcase classname="com.selenium.dataprovider.DemoDataprovider" name="testLogin" time="13.628"/>
</testsuite> <!-- com.selenium.dataprovider.DemoDataprovider -->
