<?xml version="1.0" encoding="UTF-8"?>
<!-- Generated by org.testng.reporters.JUnitReportReporter -->
<testsuite hostname="DESKTOP-OD5RHOE" failures="0" tests="1" name="com.ohrm.actions.DemoDouble" time="7.536" errors="0" timestamp="10 Sep 2023 02:41:18 GMT">
  <testcase classname="com.ohrm.actions.DemoDouble" name="test" time="7.536"/>
</testsuite> <!-- com.ohrm.actions.DemoDouble -->
