<?xml version="1.0" encoding="UTF-8"?>
<!-- Generated by org.testng.reporters.JUnitReportReporter -->
<testsuite hostname="DESKTOP-OD5RHOE" failures="0" tests="1" name="com.selenium.day2.LaunchChrome" time="5.618" errors="0" timestamp="23 Aug 2023 02:13:24 GMT">
  <testcase classname="com.selenium.day2.LaunchChrome" name="test1" time="5.618"/>
</testsuite> <!-- com.selenium.day2.LaunchChrome -->
