<?xml version="1.0" encoding="UTF-8"?>
<!-- Generated by org.testng.reporters.JUnitReportReporter -->
<testsuite hostname="DESKTOP-OD5RHOE" failures="0" tests="1" name="com.selenium.day2.DemoIsSelected" time="7.156" errors="0" timestamp="29 Aug 2023 02:05:29 GMT">
  <testcase classname="com.selenium.day2.DemoIsSelected" name="testIsSelected" time="7.156"/>
</testsuite> <!-- com.selenium.day2.DemoIsSelected -->
