<?xml version="1.0" encoding="UTF-8"?>
<!-- Generated by org.testng.reporters.JUnitReportReporter -->
<testsuite hostname="DESKTOP-OD5RHOE" failures="0" tests="1" name="com.selenium.day2.DemoGetAttribute" time="9.370" errors="0" timestamp="25 Aug 2023 02:58:53 GMT">
  <testcase classname="com.selenium.day2.DemoGetAttribute" name="testLinkText" time="9.370"/>
</testsuite> <!-- com.selenium.day2.DemoGetAttribute -->
