<?xml version="1.0" encoding="UTF-8"?>
<!-- Generated by org.testng.reporters.JUnitReportReporter -->
<testsuite hostname="DESKTOP-OD5RHOE" failures="0" tests="1" name="com.selenium.day3.DemoIsSelected" time="4.284" errors="0" timestamp="29 Aug 2023 01:57:55 GMT">
  <testcase classname="com.selenium.day3.DemoIsSelected" name="testLogin" time="4.284"/>
</testsuite> <!-- com.selenium.day3.DemoIsSelected -->
