<?xml version="1.0" encoding="UTF-8"?>
<!-- Generated by org.testng.reporters.JUnitReportReporter -->
<testsuite hostname="DESKTOP-OD5RHOE" failures="0" tests="1" name="com.ohrm.tests.DemoParameters" time="15.978" errors="0" timestamp="4 Sep 2023 01:42:00 GMT">
  <testcase classname="com.ohrm.tests.DemoParameters" name="testBrowser" time="15.978"/>
</testsuite> <!-- com.ohrm.tests.DemoParameters -->
