<?xml version="1.0" encoding="UTF-8"?>
<!-- Generated by org.testng.reporters.JUnitReportReporter -->
<testsuite hostname="DESKTOP-OD5RHOE" failures="0" tests="1" name="com.ohrm.actions.DemoCopy" time="12.577" errors="0" timestamp="10 Sep 2023 02:36:13 GMT">
  <testcase classname="com.ohrm.actions.DemoCopy" name="test" time="12.577"/>
</testsuite> <!-- com.ohrm.actions.DemoCopy -->
