<?xml version="1.0" encoding="UTF-8"?>
<!-- Generated by org.testng.reporters.JUnitReportReporter -->
<testsuite hostname="DESKTOP-OD5RHOE" failures="0" tests="4" name="com.seleniumt.testng.JOBTest" time="0.006" errors="0" timestamp="3 Sep 2023 02:36:14 GMT">
  <testcase classname="com.seleniumt.testng.JOBTest" name="testDeleteJOB" time="0.001"/>
  <testcase classname="com.seleniumt.testng.JOBTest" name="testCreateJOB" time="0.001"/>
  <testcase classname="com.seleniumt.testng.JOBTest" name="testEditJOB" time="0.002"/>
  <testcase classname="com.seleniumt.testng.JOBTest" name="testLoginLogout" time="0.002"/>
</testsuite> <!-- com.seleniumt.testng.JOBTest -->
