<?xml version="1.0" encoding="UTF-8"?>
<!-- Generated by org.testng.reporters.JUnitReportReporter -->
<testsuite hostname="DESKTOP-OD5RHOE" failures="0" tests="2" name="com.seleniumt.testng.Test1" time="0.004" errors="0" timestamp="3 Sep 2023 03:33:36 GMT">
  <testcase classname="com.seleniumt.testng.Test1" name="testMethod1" time="0.002"/>
  <testcase classname="com.seleniumt.testng.Test1" name="testMethod2" time="0.002"/>
</testsuite> <!-- com.seleniumt.testng.Test1 -->
