<?xml version="1.0" encoding="UTF-8"?>
<!-- Generated by org.testng.reporters.JUnitReportReporter -->
<testsuite hostname="DESKTOP-OD5RHOE" failures="0" tests="1" name="com.selenium.day2.DemoWebElementMEthods" time="7.025" errors="0" timestamp="26 Aug 2023 03:15:22 GMT">
  <testcase classname="com.selenium.day2.DemoWebElementMEthods" name="test" time="7.025"/>
</testsuite> <!-- com.selenium.day2.DemoWebElementMEthods -->
