<?xml version="1.0" encoding="UTF-8"?>
<!-- Generated by org.testng.reporters.JUnitReportReporter -->
<testsuite hostname="DESKTOP-OD5RHOE" failures="0" tests="3" name="com.selenium.day2.TestBrowsers2" time="20.857" errors="0" timestamp="23 Aug 2023 02:30:36 GMT">
  <testcase classname="com.selenium.day2.TestBrowsers2" name="testChrome" time="3.905"/>
  <testcase classname="com.selenium.day2.TestBrowsers2" name="testFirefox" time="11.466"/>
  <testcase classname="com.selenium.day2.TestBrowsers2" name="testEdge" time="5.486"/>
</testsuite> <!-- com.selenium.day2.TestBrowsers2 -->
