<?xml version="1.0" encoding="UTF-8"?>
<!-- Generated by org.testng.reporters.JUnitReportReporter -->
<testsuite hostname="DESKTOP-OD5RHOE" failures="0" tests="1" name="com.selenium.day2.DDd2" time="17.945" errors="0" timestamp="29 Aug 2023 02:39:17 GMT">
  <testcase classname="com.selenium.day2.DDd2" name="testBrowser" time="17.945"/>
</testsuite> <!-- com.selenium.day2.DDd2 -->
