<?xml version="1.0" encoding="UTF-8"?>
<!-- Generated by org.testng.reporters.JUnitReportReporter -->
<testsuite hostname="DESKTOP-OD5RHOE" failures="0" tests="10" name="com.seleniumt.testng.DemoTest" time="0.038" errors="0" timestamp="3 Sep 2023 03:02:56 GMT">
  <testcase classname="com.seleniumt.testng.DemoTest" name="testCreateUser" time="0.002"/>
  <testcase classname="com.seleniumt.testng.DemoTest" name="testCreateUser" time="0.007"/>
  <testcase classname="com.seleniumt.testng.DemoTest" name="testCreateUser" time="0.003"/>
  <testcase classname="com.seleniumt.testng.DemoTest" name="testCreateUser" time="0.005"/>
  <testcase classname="com.seleniumt.testng.DemoTest" name="testCreateUser" time="0.010"/>
  <testcase classname="com.seleniumt.testng.DemoTest" name="testCreateUser" time="0.004"/>
  <testcase classname="com.seleniumt.testng.DemoTest" name="testCreateUser" time="0.001"/>
  <testcase classname="com.seleniumt.testng.DemoTest" name="testCreateUser" time="0.001"/>
  <testcase classname="com.seleniumt.testng.DemoTest" name="testCreateUser" time="0.002"/>
  <testcase classname="com.seleniumt.testng.DemoTest" name="testCreateUser" time="0.003"/>
</testsuite> <!-- com.seleniumt.testng.DemoTest -->
