<?xml version="1.0" encoding="UTF-8"?>
<!-- Generated by org.testng.reporters.JUnitReportReporter -->
<testsuite hostname="DESKTOP-OD5RHOE" failures="0" tests="3" name="com.selenium.day2.TestBrowsers4" time="17.077" errors="0" timestamp="23 Aug 2023 02:30:36 GMT">
  <testcase classname="com.selenium.day2.TestBrowsers4" name="testEdge" time="5.097"/>
  <testcase classname="com.selenium.day2.TestBrowsers4" name="testFirefox" time="8.063"/>
  <testcase classname="com.selenium.day2.TestBrowsers4" name="testChrome" time="3.917"/>
</testsuite> <!-- com.selenium.day2.TestBrowsers4 -->
