<?xml version="1.0" encoding="UTF-8"?>
<!-- Generated by org.testng.reporters.JUnitReportReporter -->
<testsuite hostname="DESKTOP-OD5RHOE" failures="0" tests="1" name="com.ohrm.actions.DemoActions" time="5.159" errors="0" timestamp="10 Sep 2023 01:52:47 GMT">
  <testcase classname="com.ohrm.actions.DemoActions" name="test" time="5.159"/>
</testsuite> <!-- com.ohrm.actions.DemoActions -->
