<?xml version="1.0" encoding="UTF-8"?>
<!-- Generated by org.testng.reporters.JUnitReportReporter -->
<testsuite hostname="DESKTOP-OD5RHOE" failures="0" tests="4" name="com.ohrm.parallel.DemoParallel" time="201.872" errors="0" timestamp="4 Sep 2023 02:28:30 GMT">
  <testcase classname="com.ohrm.parallel.DemoParallel" name="testGoogle" time="10.044"/>
  <testcase classname="com.ohrm.parallel.DemoParallel" name="testSakshi" time="61.364"/>
  <testcase classname="com.ohrm.parallel.DemoParallel" name="testYahoo" time="46.702"/>
  <testcase classname="com.ohrm.parallel.DemoParallel" name="testEenadu" time="83.762"/>
</testsuite> <!-- com.ohrm.parallel.DemoParallel -->
