<?xml version="1.0" encoding="UTF-8"?>
<!-- Generated by org.testng.reporters.JUnitReportReporter -->
<testsuite hostname="DESKTOP-OD5RHOE" failures="0" tests="1" name="com.selenium.day2.DemoAmazon" time="21.123" errors="0" timestamp="25 Aug 2023 02:34:50 GMT">
  <testcase classname="com.selenium.day2.DemoAmazon" name="testLinkText" time="21.123"/>
</testsuite> <!-- com.selenium.day2.DemoAmazon -->
