<?xml version="1.0" encoding="UTF-8"?>
<!-- Generated by org.testng.reporters.JUnitReportReporter -->
<testsuite hostname="DESKTOP-OD5RHOE" failures="0" tests="1" name="com.ohrm.actions.DemoDragAndDrop" time="10.074" errors="0" timestamp="10 Sep 2023 02:31:08 GMT">
  <testcase classname="com.ohrm.actions.DemoDragAndDrop" name="test3" time="10.074"/>
</testsuite> <!-- com.ohrm.actions.DemoDragAndDrop -->
