<?xml version="1.0" encoding="UTF-8"?>
<!-- Generated by org.testng.reporters.JUnitReportReporter -->
<testsuite hostname="DESKTOP-OD5RHOE" failures="0" tests="1" name="com.ohrm.selectclass.DemoSelect" time="8.806" errors="0" timestamp="1 Sep 2023 03:00:08 GMT">
  <testcase classname="com.ohrm.selectclass.DemoSelect" name="testCreateNewUser" time="8.806"/>
</testsuite> <!-- com.ohrm.selectclass.DemoSelect -->
