<?xml version="1.0" encoding="UTF-8"?>
<!-- Generated by org.testng.reporters.JUnitReportReporter -->
<testsuite hostname="DESKTOP-OD5RHOE" failures="0" tests="1" name="com.ohrm.alerts.DemoAlerts" time="14.802" errors="0" timestamp="2 Sep 2023 01:59:31 GMT">
  <testcase classname="com.ohrm.alerts.DemoAlerts" name="testAlerts" time="14.802"/>
</testsuite> <!-- com.ohrm.alerts.DemoAlerts -->
